0 info it worked if it ends with ok
1 verbose cli [ 'node',
1 verbose cli   '/usr/local/bin/npm',
1 verbose cli   'install',
1 verbose cli   'grunt-contrib-levin-usemin',
1 verbose cli   '--save-dev' ]
2 info using npm@1.4.28
3 info using node@v0.10.34
4 verbose readDependencies using package.json deps
5 verbose cache add [ 'grunt-contrib-levin-usemin', null ]
6 verbose cache add name=undefined spec="grunt-contrib-levin-usemin" args=["grunt-contrib-levin-usemin",null]
7 verbose parsed url { protocol: null,
7 verbose parsed url   slashes: null,
7 verbose parsed url   auth: null,
7 verbose parsed url   host: null,
7 verbose parsed url   port: null,
7 verbose parsed url   hostname: null,
7 verbose parsed url   hash: null,
7 verbose parsed url   search: null,
7 verbose parsed url   query: null,
7 verbose parsed url   pathname: 'grunt-contrib-levin-usemin',
7 verbose parsed url   path: 'grunt-contrib-levin-usemin',
7 verbose parsed url   href: 'grunt-contrib-levin-usemin' }
8 silly lockFile d4b9dc88-grunt-contrib-levin-usemin grunt-contrib-levin-usemin
9 verbose lock grunt-contrib-levin-usemin /Users/chenyao/.npm/d4b9dc88-grunt-contrib-levin-usemin.lock
10 silly lockFile d4b9dc88-grunt-contrib-levin-usemin grunt-contrib-levin-usemin
11 silly lockFile d4b9dc88-grunt-contrib-levin-usemin grunt-contrib-levin-usemin
12 verbose addNamed [ 'grunt-contrib-levin-usemin', '' ]
13 verbose addNamed [ null, '*' ]
14 silly lockFile f4c0c2d5-grunt-contrib-levin-usemin grunt-contrib-levin-usemin@
15 verbose lock grunt-contrib-levin-usemin@ /Users/chenyao/.npm/f4c0c2d5-grunt-contrib-levin-usemin.lock
16 silly addNameRange { name: 'grunt-contrib-levin-usemin',
16 silly addNameRange   range: '*',
16 silly addNameRange   hasData: false }
17 verbose request where is /grunt-contrib-levin-usemin
18 verbose request registry https://registry.npmjs.org/
19 verbose request id efa13966d19d89e3
20 verbose url raw /grunt-contrib-levin-usemin
21 verbose url resolving [ 'https://registry.npmjs.org/',
21 verbose url resolving   './grunt-contrib-levin-usemin' ]
22 verbose url resolved https://registry.npmjs.org/grunt-contrib-levin-usemin
23 verbose request where is https://registry.npmjs.org/grunt-contrib-levin-usemin
24 info trying registry request attempt 1 at 16:06:32
25 http GET https://registry.npmjs.org/grunt-contrib-levin-usemin
26 info retry will retry, error on last attempt: Error: getaddrinfo ENOTFOUND
27 info trying registry request attempt 2 at 16:07:12
28 http GET https://registry.npmjs.org/grunt-contrib-levin-usemin
29 info retry will retry, error on last attempt: Error: getaddrinfo ENOTFOUND
30 info trying registry request attempt 3 at 16:08:42
31 http GET https://registry.npmjs.org/grunt-contrib-levin-usemin
32 silly lockFile f4c0c2d5-grunt-contrib-levin-usemin grunt-contrib-levin-usemin@
33 silly lockFile f4c0c2d5-grunt-contrib-levin-usemin grunt-contrib-levin-usemin@
34 error network getaddrinfo ENOTFOUND
34 error network This is most likely not a problem with npm itself
34 error network and is related to network connectivity.
34 error network In most cases you are behind a proxy or have bad network settings.
34 error network
34 error network If you are behind a proxy, please make sure that the
34 error network 'proxy' config is set properly.  See: 'npm help config'
35 error System Darwin 14.5.0
36 error command "node" "/usr/local/bin/npm" "install" "grunt-contrib-levin-usemin" "--save-dev"
37 error cwd /Users/chenyao/Documents/cystudy/CLtest
38 error node -v v0.10.34
39 error npm -v 1.4.28
40 error syscall getaddrinfo
41 error code ENOTFOUND
42 error errno ENOTFOUND
43 verbose exit [ 1, true ]
